ERROR:SAW:('Unable to launch SimAuto. ', 'Please confirm that your PowerWorld license includes the SimAuto add-on, and that SimAuto has been successfully installed.')
Traceback (most recent call last):
  File "C:\GitHubProjects\ECEN689Project\venv1\Lib\site-packages\win32com\client\dynamic.py", line 84, in _GetGoodDispatch
    IDispatch = pythoncom.connect(IDispatch)
                ^^^^^^^^^^^^^^^^^^^^^^^^^^^^
pywintypes.com_error: (-2147221005, 'Invalid class string', None, None)

During handling of the above exception, another exception occurred:

Traceback (most recent call last):
  File "C:\GitHubProjects\ECEN689Project\venv1\Lib\site-packages\esa\saw.py", line 185, in __init__
    self._pwcom = win32com.client.dynamic.Dispatch(
                  ^^^^^^^^^^^^^^^^^^^^^^^^^^^^^^^^^
  File "C:\GitHubProjects\ECEN689Project\venv1\Lib\site-packages\win32com\client\dynamic.py", line 132, in Dispatch
    IDispatch, userName = _GetGoodDispatchAndUserName(IDispatch, userName, clsctx)
                          ^^^^^^^^^^^^^^^^^^^^^^^^^^^^^^^^^^^^^^^^^^^^^^^^^^^^^^^^
  File "C:\GitHubProjects\ECEN689Project\venv1\Lib\site-packages\win32com\client\dynamic.py", line 104, in _GetGoodDispatchAndUserName
    return (_GetGoodDispatch(IDispatch, clsctx), userName)
            ^^^^^^^^^^^^^^^^^^^^^^^^^^^^^^^^^^^
  File "C:\GitHubProjects\ECEN689Project\venv1\Lib\site-packages\win32com\client\dynamic.py", line 86, in _GetGoodDispatch
    IDispatch = pythoncom.CoCreateInstance(
                ^^^^^^^^^^^^^^^^^^^^^^^^^^^
pywintypes.com_error: (-2147221005, 'Invalid class string', None, None)
